Change Component Designator: Old Designator=C1 New Designator=C100
Change Component Designator: Old Designator=C2 New Designator=C101
Change Component Designator: Old Designator=C3 New Designator=C102
Change Component Designator: Old Designator=C4 New Designator=C103
Change Component Designator: Old Designator=C5 New Designator=C104
Change Component Designator: Old Designator=C6 New Designator=C105
Change Component Designator: Old Designator=D1 New Designator=D100
Change Component Designator: Old Designator=D2 New Designator=D101
Change Component Designator: Old Designator=J1 New Designator=J100
Change Component Designator: Old Designator=J2 New Designator=J101
Change Component Designator: Old Designator=JDC New Designator=JDC100
Change Component Designator: Old Designator=Q1 New Designator=Q100
Change Component Designator: Old Designator=Q2 New Designator=Q101
Change Component Designator: Old Designator=Q3 New Designator=Q102
Change Component Designator: Old Designator=Q4 New Designator=Q103
Change Component Designator: Old Designator=R1 New Designator=R100
Change Component Designator: Old Designator=R2 New Designator=R101
Change Component Designator: Old Designator=R3 New Designator=R102
Change Component Designator: Old Designator=R4 New Designator=R103
Change Component Designator: Old Designator=R5 New Designator=R104
Change Component Designator: Old Designator=R6 New Designator=R105
Change Component Designator: Old Designator=R7 New Designator=R106
Change Component Designator: Old Designator=R8 New Designator=R107
Change Component Designator: Old Designator=R9 New Designator=R108
Change Component Designator: Old Designator=R10 New Designator=R109
Change Component Designator: Old Designator=VR1 New Designator=VR100
